\BOOKMARK [1][-]{section*.2}{\376\377\000R\000e\000s\000u\000m\000e\000n}{}% 1
\BOOKMARK [1][-]{section.1}{\376\377\000I\000n\000t\000r\000o\000d\000u\000c\000c\000i\000\363\000n}{}% 2
\BOOKMARK [2][-]{subsection.1.1}{\376\377\000M\000o\000t\000i\000v\000a\000c\000i\000\363\000n}{section.1}% 3
\BOOKMARK [2][-]{subsection.1.2}{\376\377\000O\000b\000j\000e\000t\000i\000v\000o\000\040\000G\000e\000n\000e\000r\000a\000l}{section.1}% 4
\BOOKMARK [2][-]{subsection.1.3}{\376\377\000O\000b\000j\000e\000t\000i\000v\000o\000s\000\040\000E\000s\000p\000e\000c\000\355\000f\000i\000c\000o\000s}{section.1}% 5
\BOOKMARK [2][-]{subsection.1.4}{\376\377\000A\000l\000c\000a\000n\000c\000e\000\040\000d\000e\000l\000\040\000P\000r\000o\000y\000e\000c\000t\000o}{section.1}% 6
\BOOKMARK [1][-]{section.2}{\376\377\000T\000e\000c\000n\000o\000l\000o\000g\000\355\000a\000s\000\040\000U\000t\000i\000l\000i\000z\000a\000d\000a\000s}{}% 7
\BOOKMARK [2][-]{subsection.2.1}{\376\377\000M\000o\000t\000o\000r\000\040\000G\000r\000\341\000f\000i\000c\000o\000:\000\040\000G\000o\000d\000o\000t\000\040\0004\000.\0005}{section.2}% 8
\BOOKMARK [2][-]{subsection.2.2}{\376\377\000D\000e\000t\000e\000c\000c\000i\000\363\000n\000\040\000d\000e\000\040\000P\000o\000s\000e\000:\000\040\000M\000e\000d\000i\000a\000P\000i\000p\000e}{section.2}% 9
\BOOKMARK [2][-]{subsection.2.3}{\376\377\000C\000o\000m\000u\000n\000i\000c\000a\000c\000i\000\363\000n\000:\000\040\000W\000e\000b\000S\000o\000c\000k\000e\000t}{section.2}% 10
\BOOKMARK [2][-]{subsection.2.4}{\376\377\000M\000o\000d\000e\000l\000a\000d\000o\000\040\0003\000D\000:\000\040\000B\000l\000e\000n\000d\000e\000r}{section.2}% 11
\BOOKMARK [2][-]{subsection.2.5}{\376\377\000A\000u\000d\000i\000o\000:\000\040\000L\000M\000M\000S}{section.2}% 12
\BOOKMARK [2][-]{subsection.2.6}{\376\377\000L\000e\000n\000g\000u\000a\000j\000e\000s\000\040\000d\000e\000\040\000P\000r\000o\000g\000r\000a\000m\000a\000c\000i\000\363\000n}{section.2}% 13
\BOOKMARK [3][-]{subsubsection.2.6.1}{\376\377\000P\000y\000t\000h\000o\000n\000\040\0003\000.\0001\0001}{subsection.2.6}% 14
\BOOKMARK [3][-]{subsubsection.2.6.2}{\376\377\000G\000D\000S\000c\000r\000i\000p\000t}{subsection.2.6}% 15
\BOOKMARK [2][-]{subsection.2.7}{\376\377\000E\000n\000t\000o\000r\000n\000o\000\040\000d\000e\000\040\000D\000e\000s\000a\000r\000r\000o\000l\000l\000o}{section.2}% 16
\BOOKMARK [1][-]{section.3}{\376\377\000A\000r\000q\000u\000i\000t\000e\000c\000t\000u\000r\000a\000\040\000d\000e\000l\000\040\000S\000i\000s\000t\000e\000m\000a}{}% 17
\BOOKMARK [2][-]{subsection.3.1}{\376\377\000D\000i\000a\000g\000r\000a\000m\000a\000\040\000d\000e\000\040\000A\000r\000q\000u\000i\000t\000e\000c\000t\000u\000r\000a\000\040\000G\000e\000n\000e\000r\000a\000l}{section.3}% 18
\BOOKMARK [2][-]{subsection.3.2}{\376\377\000E\000s\000t\000r\000u\000c\000t\000u\000r\000a\000\040\000d\000e\000l\000\040\000P\000r\000o\000y\000e\000c\000t\000o}{section.3}% 19
\BOOKMARK [2][-]{subsection.3.3}{\376\377\000F\000l\000u\000j\000o\000\040\000d\000e\000\040\000D\000a\000t\000o\000s}{section.3}% 20
\BOOKMARK [1][-]{section.4}{\376\377\000C\000o\000m\000p\000o\000n\000e\000n\000t\000e\000s\000\040\000P\000r\000i\000n\000c\000i\000p\000a\000l\000e\000s}{}% 21
\BOOKMARK [2][-]{subsection.4.1}{\376\377\000S\000e\000r\000v\000i\000d\000o\000r\000\040\000M\000e\000d\000i\000a\000P\000i\000p\000e\000\040\000\050\000m\000e\000d\000i\000a\000p\000i\000p\000e\000\137\000u\000t\000i\000l\000.\000p\000y\000\051}{section.4}% 22
\BOOKMARK [3][-]{subsubsection.4.1.1}{\376\377\000C\000o\000n\000f\000i\000g\000u\000r\000a\000c\000i\000\363\000n\000\040\000d\000e\000\040\000M\000e\000d\000i\000a\000P\000i\000p\000e}{subsection.4.1}% 23
\BOOKMARK [3][-]{subsubsection.4.1.2}{\376\377\000S\000e\000r\000v\000i\000d\000o\000r\000\040\000W\000e\000b\000S\000o\000c\000k\000e\000t\000\040\000A\000s\000\355\000n\000c\000r\000o\000n\000o}{subsection.4.1}% 24
\BOOKMARK [2][-]{subsection.4.2}{\376\377\000C\000o\000n\000t\000r\000o\000l\000a\000d\000o\000r\000\040\000P\000r\000i\000n\000c\000i\000p\000a\000l\000\040\000\050\000m\000a\000i\000n\000s\000c\000r\000i\000p\000t\000.\000g\000d\000\051}{section.4}% 25
\BOOKMARK [3][-]{subsubsection.4.2.1}{\376\377\000V\000a\000r\000i\000a\000b\000l\000e\000s\000\040\000d\000e\000\040\000C\000o\000n\000f\000i\000g\000u\000r\000a\000c\000i\000\363\000n}{subsection.4.2}% 26
\BOOKMARK [3][-]{subsubsection.4.2.2}{\376\377\000M\000a\000p\000e\000o\000\040\000d\000e\000\040\000H\000u\000e\000s\000o\000s}{subsection.4.2}% 27
\BOOKMARK [3][-]{subsubsection.4.2.3}{\376\377\000A\000l\000g\000o\000r\000i\000t\000m\000o\000\040\000d\000e\000\040\000A\000c\000t\000u\000a\000l\000i\000z\000a\000c\000i\000\363\000n\000\040\000d\000e\000\040\000P\000o\000s\000e}{subsection.4.2}% 28
\BOOKMARK [2][-]{subsection.4.3}{\376\377\000G\000e\000n\000e\000r\000a\000d\000o\000r\000\040\000d\000e\000\040\000P\000a\000r\000e\000d\000e\000s\000\040\000\050\000W\000a\000l\000l\000G\000e\000n\000e\000r\000a\000t\000o\000r\000.\000g\000d\000\051}{section.4}% 29
\BOOKMARK [3][-]{subsubsection.4.3.1}{\376\377\000V\000a\000r\000i\000a\000b\000l\000e\000s\000\040\000d\000e\000\040\000E\000x\000p\000o\000r\000t\000a\000c\000i\000\363\000n}{subsection.4.3}% 30
\BOOKMARK [3][-]{subsubsection.4.3.2}{\376\377\000P\000o\000s\000t\000u\000r\000a\000s\000\040\000D\000i\000s\000p\000o\000n\000i\000b\000l\000e\000s}{subsection.4.3}% 31
\BOOKMARK [3][-]{subsubsection.4.3.3}{\376\377\000G\000e\000n\000e\000r\000a\000c\000i\000\363\000n\000\040\000d\000e\000\040\000M\000e\000s\000h\000\040\000c\000o\000n\000\040\000S\000u\000r\000f\000a\000c\000e\000T\000o\000o\000l}{subsection.4.3}% 32
\BOOKMARK [2][-]{subsection.4.4}{\376\377\000E\000v\000a\000l\000u\000a\000d\000o\000r\000\040\000d\000e\000\040\000P\000o\000s\000t\000u\000r\000a\000s\000\040\000\050\000P\000o\000s\000e\000E\000v\000a\000l\000u\000a\000t\000o\000r\000.\000g\000d\000\051}{section.4}% 33
\BOOKMARK [3][-]{subsubsection.4.4.1}{\376\377\000A\000l\000g\000o\000r\000i\000t\000m\000o\000\040\000d\000e\000\040\000E\000v\000a\000l\000u\000a\000c\000i\000\363\000n}{subsection.4.4}% 34
\BOOKMARK [2][-]{subsection.4.5}{\376\377\000S\000e\000l\000e\000c\000c\000i\000\363\000n\000\040\000d\000e\000\040\000P\000e\000r\000s\000o\000n\000a\000j\000e\000s\000\040\000\050\000c\000h\000a\000r\000a\000c\000t\000e\000r\000\137\000s\000e\000l\000e\000c\000t\000.\000g\000d\000\051}{section.4}% 35
\BOOKMARK [3][-]{subsubsection.4.5.1}{\376\377\000F\000l\000u\000j\000o\000\040\000d\000e\000\040\000S\000e\000l\000e\000c\000c\000i\000\363\000n}{subsection.4.5}% 36
\BOOKMARK [1][-]{section.5}{\376\377\000S\000i\000s\000t\000e\000m\000a\000s\000\040\000d\000e\000\040\000J\000u\000e\000g\000o}{}% 37
\BOOKMARK [2][-]{subsection.5.1}{\376\377\000S\000i\000s\000t\000e\000m\000a\000\040\000d\000e\000\040\000P\000u\000n\000t\000u\000a\000c\000i\000\363\000n\000\040\000y\000\040\000P\000r\000o\000g\000r\000e\000s\000i\000\363\000n}{section.5}% 38
\BOOKMARK [3][-]{subsubsection.5.1.1}{\376\377\000P\000r\000o\000g\000r\000e\000s\000i\000\363\000n\000\040\000d\000e\000\040\000D\000i\000f\000i\000c\000u\000l\000t\000a\000d\000\040\000\050\000V\000e\000r\000s\000i\000\363\000n\000\040\000P\000y\000g\000a\000m\000e\000\051}{subsection.5.1}% 39
\BOOKMARK [2][-]{subsection.5.2}{\376\377\000S\000i\000s\000t\000e\000m\000a\000\040\000d\000e\000\040\000C\000o\000l\000i\000s\000i\000o\000n\000e\000s}{section.5}% 40
\BOOKMARK [3][-]{subsubsection.5.2.1}{\376\377\000C\000o\000n\000f\000i\000g\000u\000r\000a\000c\000i\000\363\000n\000\040\000d\000e\000\040\000\301\000r\000e\000a\000s\000\040\000d\000e\000\040\000C\000o\000l\000i\000s\000i\000\363\000n}{subsection.5.2}% 41
\BOOKMARK [3][-]{subsubsection.5.2.2}{\376\377\000D\000i\000a\000g\000r\000a\000m\000a\000\040\000d\000e\000\040\000C\000o\000l\000i\000s\000i\000o\000n\000e\000s}{subsection.5.2}% 42
\BOOKMARK [2][-]{subsection.5.3}{\376\377\000A\000n\000i\000m\000a\000c\000i\000\363\000n\000\040\000d\000e\000\040\000P\000e\000r\000s\000o\000n\000a\000j\000e\000s\000\040\000e\000n\000\040\000T\000i\000e\000m\000p\000o\000\040\000R\000e\000a\000l}{section.5}% 43
\BOOKMARK [3][-]{subsubsection.5.3.1}{\376\377\000P\000r\000o\000c\000e\000s\000o\000\040\000d\000e\000\040\000A\000n\000i\000m\000a\000c\000i\000\363\000n}{subsection.5.3}% 44
\BOOKMARK [2][-]{subsection.5.4}{\376\377\000G\000e\000n\000e\000r\000a\000c\000i\000\363\000n\000\040\000D\000i\000n\000\341\000m\000i\000c\000a\000\040\000d\000e\000\040\000P\000a\000r\000e\000d\000e\000s}{section.5}% 45
\BOOKMARK [1][-]{section.6}{\376\377\000D\000e\000t\000a\000l\000l\000e\000s\000\040\000T\000\351\000c\000n\000i\000c\000o\000s\000\040\000d\000e\000\040\000I\000m\000p\000l\000e\000m\000e\000n\000t\000a\000c\000i\000\363\000n}{}% 46
\BOOKMARK [2][-]{subsection.6.1}{\376\377\000P\000r\000o\000t\000o\000c\000o\000l\000o\000\040\000d\000e\000\040\000C\000o\000m\000u\000n\000i\000c\000a\000c\000i\000\363\000n\000\040\000W\000e\000b\000S\000o\000c\000k\000e\000t}{section.6}% 47
\BOOKMARK [3][-]{subsubsection.6.1.1}{\376\377\000E\000s\000t\000r\000u\000c\000t\000u\000r\000a\000\040\000d\000e\000l\000\040\000M\000e\000n\000s\000a\000j\000e\000\040\000J\000S\000O\000N}{subsection.6.1}% 48
\BOOKMARK [3][-]{subsubsection.6.1.2}{\376\377\000I\000n\000t\000e\000r\000p\000r\000e\000t\000a\000c\000i\000\363\000n\000\040\000d\000e\000\040\000C\000o\000o\000r\000d\000e\000n\000a\000d\000a\000s}{subsection.6.1}% 49
\BOOKMARK [2][-]{subsection.6.2}{\376\377\000T\000r\000a\000n\000s\000f\000o\000r\000m\000a\000c\000i\000\363\000n\000\040\000d\000e\000\040\000C\000o\000o\000r\000d\000e\000n\000a\000d\000a\000s}{section.6}% 50
\BOOKMARK [2][-]{subsection.6.3}{\376\377\000M\000a\000t\000e\000r\000i\000a\000l\000\040\000d\000e\000\040\000P\000a\000r\000e\000d\000e\000s}{section.6}% 51
\BOOKMARK [2][-]{subsection.6.4}{\376\377\000G\000e\000s\000t\000i\000\363\000n\000\040\000d\000e\000\040\000M\000e\000m\000o\000r\000i\000a\000\040\000y\000\040\000R\000e\000n\000d\000i\000m\000i\000e\000n\000t\000o}{section.6}% 52
\BOOKMARK [3][-]{subsubsection.6.4.1}{\376\377\000L\000i\000m\000p\000i\000e\000z\000a\000\040\000d\000e\000\040\000P\000a\000r\000e\000d\000e\000s}{subsection.6.4}% 53
\BOOKMARK [3][-]{subsubsection.6.4.2}{\376\377\000P\000o\000o\000l\000\040\000d\000e\000\040\000C\000o\000n\000e\000x\000i\000o\000n\000e\000s\000\040\000W\000e\000b\000S\000o\000c\000k\000e\000t}{subsection.6.4}% 54
\BOOKMARK [1][-]{section.7}{\376\377\000V\000e\000r\000s\000i\000\363\000n\000\040\000S\000t\000a\000n\000d\000a\000l\000o\000n\000e\000\040\000\050\000P\000y\000g\000a\000m\000e\000\051}{}% 55
\BOOKMARK [2][-]{subsection.7.1}{\376\377\000C\000a\000r\000a\000c\000t\000e\000r\000\355\000s\000t\000i\000c\000a\000s\000\040\000d\000e\000\040\000l\000a\000\040\000V\000e\000r\000s\000i\000\363\000n\000\040\000P\000y\000g\000a\000m\000e}{section.7}% 56
\BOOKMARK [2][-]{subsection.7.2}{\376\377\000D\000e\000t\000e\000c\000c\000i\000\363\000n\000\040\000d\000e\000\040\000P\000o\000s\000i\000c\000i\000\363\000n\000\040\000d\000e\000\040\000B\000r\000a\000z\000o\000s}{section.7}% 57
\BOOKMARK [2][-]{subsection.7.3}{\376\377\000S\000i\000s\000t\000e\000m\000a\000\040\000d\000e\000\040\000C\000o\000i\000n\000c\000i\000d\000e\000n\000c\000i\000a\000\040\000d\000e\000\040\000P\000o\000s\000e}{section.7}% 58
\BOOKMARK [1][-]{section.8}{\376\377\000F\000l\000u\000j\000o\000\040\000d\000e\000\040\000E\000j\000e\000c\000u\000c\000i\000\363\000n}{}% 59
\BOOKMARK [2][-]{subsection.8.1}{\376\377\000I\000n\000i\000c\000i\000o\000\040\000d\000e\000l\000\040\000J\000u\000e\000g\000o}{section.8}% 60
\BOOKMARK [2][-]{subsection.8.2}{\376\377\000L\000o\000o\000p\000\040\000P\000r\000i\000n\000c\000i\000p\000a\000l\000\040\000\050\000\137\000p\000r\000o\000c\000e\000s\000s\000\051}{section.8}% 61
\BOOKMARK [2][-]{subsection.8.3}{\376\377\000V\000a\000l\000i\000d\000a\000c\000i\000\363\000n\000\040\000d\000e\000\040\000P\000a\000s\000o\000\040\000p\000o\000r\000\040\000P\000a\000r\000e\000d}{section.8}% 62
\BOOKMARK [1][-]{section.9}{\376\377\000C\000o\000n\000f\000i\000g\000u\000r\000a\000c\000i\000\363\000n\000\040\000y\000\040\000P\000a\000r\000\341\000m\000e\000t\000r\000o\000s\000\040\000A\000j\000u\000s\000t\000a\000b\000l\000e\000s}{}% 63
\BOOKMARK [2][-]{subsection.9.1}{\376\377\000P\000a\000r\000\341\000m\000e\000t\000r\000o\000s\000\040\000d\000e\000l\000\040\000S\000e\000r\000v\000i\000d\000o\000r\000\040\000M\000e\000d\000i\000a\000P\000i\000p\000e}{section.9}% 64
\BOOKMARK [2][-]{subsection.9.2}{\376\377\000P\000a\000r\000\341\000m\000e\000t\000r\000o\000s\000\040\000d\000e\000l\000\040\000J\000u\000e\000g\000o\000\040\000\050\000G\000o\000d\000o\000t\000\051}{section.9}% 65
\BOOKMARK [2][-]{subsection.9.3}{\376\377\000P\000o\000s\000i\000c\000i\000o\000n\000e\000s\000\040\000e\000n\000\040\000l\000a\000\040\000E\000s\000c\000e\000n\000a\000\040\0003\000D}{section.9}% 66
\BOOKMARK [1][-]{section.10}{\376\377\000P\000e\000r\000s\000o\000n\000a\000j\000e\000s\000\040\000d\000e\000l\000\040\000J\000u\000e\000g\000o}{}% 67
\BOOKMARK [2][-]{subsection.10.1}{\376\377\000P\000r\000o\000c\000e\000s\000o\000\040\000d\000e\000\040\000C\000r\000e\000a\000c\000i\000\363\000n\000\040\000d\000e\000\040\000P\000e\000r\000s\000o\000n\000a\000j\000e\000s}{section.10}% 68
\BOOKMARK [2][-]{subsection.10.2}{\376\377\000S\000A\000W}{section.10}% 69
\BOOKMARK [2][-]{subsection.10.3}{\376\377\000E\000T}{section.10}% 70
\BOOKMARK [2][-]{subsection.10.4}{\376\377\000E\000L\000E\000V\000E\000N}{section.10}% 71
\BOOKMARK [2][-]{subsection.10.5}{\376\377\000H\000O\000M\000E\000R}{section.10}% 72
\BOOKMARK [2][-]{subsection.10.6}{\376\377\000S\000i\000s\000t\000e\000m\000a\000\040\000d\000e\000\040\000R\000i\000g\000g\000i\000n\000g\000\040\000c\000o\000n\000\040\000R\000i\000g\000i\000f\000y}{section.10}% 73
\BOOKMARK [2][-]{subsection.10.7}{\376\377\000E\000s\000t\000r\000u\000c\000t\000u\000r\000a\000\040\000d\000e\000l\000\040\000E\000s\000q\000u\000e\000l\000e\000t\000o\000\040\000E\000x\000p\000o\000r\000t\000a\000d\000o}{section.10}% 74
\BOOKMARK [1][-]{section.11}{\376\377\000S\000i\000s\000t\000e\000m\000a\000\040\000d\000e\000\040\000A\000u\000d\000i\000o}{}% 75
\BOOKMARK [2][-]{subsection.11.1}{\376\377\000M\000\372\000s\000i\000c\000a\000\040\000d\000e\000\040\000F\000o\000n\000d\000o}{section.11}% 76
\BOOKMARK [2][-]{subsection.11.2}{\376\377\000E\000f\000e\000c\000t\000o\000s\000\040\000d\000e\000\040\000S\000o\000n\000i\000d\000o}{section.11}% 77
\BOOKMARK [2][-]{subsection.11.3}{\376\377\000I\000n\000t\000e\000g\000r\000a\000c\000i\000\363\000n\000\040\000e\000n\000\040\000G\000o\000d\000o\000t}{section.11}% 78
\BOOKMARK [2][-]{subsection.11.4}{\376\377\000F\000l\000u\000j\000o\000\040\000d\000e\000\040\000C\000r\000e\000a\000c\000i\000\363\000n\000\040\000d\000e\000\040\000A\000u\000d\000i\000o}{section.11}% 79
\BOOKMARK [1][-]{section.12}{\376\377\000R\000e\000s\000u\000l\000t\000a\000d\000o\000s\000\040\000y\000\040\000P\000r\000u\000e\000b\000a\000s}{}% 80
\BOOKMARK [2][-]{subsection.12.1}{\376\377\000M\000\351\000t\000r\000i\000c\000a\000s\000\040\000d\000e\000\040\000R\000e\000n\000d\000i\000m\000i\000e\000n\000t\000o}{section.12}% 81
\BOOKMARK [2][-]{subsection.12.2}{\376\377\000P\000r\000e\000c\000i\000s\000i\000\363\000n\000\040\000d\000e\000\040\000D\000e\000t\000e\000c\000c\000i\000\363\000n\000\040\000d\000e\000\040\000P\000o\000s\000e}{section.12}% 82
\BOOKMARK [2][-]{subsection.12.3}{\376\377\000U\000s\000a\000b\000i\000l\000i\000d\000a\000d}{section.12}% 83
\BOOKMARK [1][-]{section.13}{\376\377\000G\000u\000\355\000a\000\040\000d\000e\000\040\000I\000n\000s\000t\000a\000l\000a\000c\000i\000\363\000n\000\040\000y\000\040\000U\000s\000o}{}% 84
\BOOKMARK [2][-]{subsection.13.1}{\376\377\000R\000e\000q\000u\000i\000s\000i\000t\000o\000s\000\040\000d\000e\000l\000\040\000S\000i\000s\000t\000e\000m\000a}{section.13}% 85
\BOOKMARK [2][-]{subsection.13.2}{\376\377\000I\000n\000s\000t\000a\000l\000a\000c\000i\000\363\000n\000\040\000d\000e\000\040\000D\000e\000p\000e\000n\000d\000e\000n\000c\000i\000a\000s\000\040\000P\000y\000t\000h\000o\000n}{section.13}% 86
\BOOKMARK [2][-]{subsection.13.3}{\376\377\000E\000j\000e\000c\000u\000c\000i\000\363\000n\000\040\000d\000e\000l\000\040\000S\000i\000s\000t\000e\000m\000a}{section.13}% 87
\BOOKMARK [3][-]{subsubsection.13.3.1}{\376\377\000V\000e\000r\000s\000i\000\363\000n\000\040\000C\000o\000m\000p\000l\000e\000t\000a\000\040\000\050\000G\000o\000d\000o\000t\000\040\000+\000\040\000M\000e\000d\000i\000a\000P\000i\000p\000e\000\051}{subsection.13.3}% 88
\BOOKMARK [3][-]{subsubsection.13.3.2}{\376\377\000V\000e\000r\000s\000i\000\363\000n\000\040\000S\000t\000a\000n\000d\000a\000l\000o\000n\000e\000\040\000\050\000P\000y\000g\000a\000m\000e\000\051}{subsection.13.3}% 89
\BOOKMARK [2][-]{subsection.13.4}{\376\377\000C\000o\000n\000t\000r\000o\000l\000e\000s\000\040\000d\000e\000l\000\040\000J\000u\000e\000g\000o}{section.13}% 90
\BOOKMARK [1][-]{section.14}{\376\377\000G\000a\000l\000e\000r\000\355\000a\000\040\000d\000e\000l\000\040\000J\000u\000e\000g\000o}{}% 91
\BOOKMARK [2][-]{subsection.14.1}{\376\377\000E\000s\000c\000e\000n\000a\000s\000\040\000P\000r\000i\000n\000c\000i\000p\000a\000l\000e\000s}{section.14}% 92
\BOOKMARK [2][-]{subsection.14.2}{\376\377\000E\000l\000e\000m\000e\000n\000t\000o\000s\000\040\000V\000i\000s\000u\000a\000l\000e\000s}{section.14}% 93
\BOOKMARK [1][-]{section.15}{\376\377\000L\000i\000m\000i\000t\000a\000c\000i\000o\000n\000e\000s\000\040\000y\000\040\000T\000r\000a\000b\000a\000j\000o\000\040\000F\000u\000t\000u\000r\000o}{}% 94
\BOOKMARK [2][-]{subsection.15.1}{\376\377\000L\000i\000m\000i\000t\000a\000c\000i\000o\000n\000e\000s\000\040\000A\000c\000t\000u\000a\000l\000e\000s}{section.15}% 95
\BOOKMARK [2][-]{subsection.15.2}{\376\377\000M\000e\000j\000o\000r\000a\000s\000\040\000F\000u\000t\000u\000r\000a\000s\000\040\000P\000r\000o\000p\000u\000e\000s\000t\000a\000s}{section.15}% 96
\BOOKMARK [2][-]{subsection.15.3}{\376\377\000P\000o\000s\000i\000b\000l\000e\000s\000\040\000O\000p\000t\000i\000m\000i\000z\000a\000c\000i\000o\000n\000e\000s}{section.15}% 97
\BOOKMARK [1][-]{section.16}{\376\377\000C\000o\000n\000c\000l\000u\000s\000i\000o\000n\000e\000s}{}% 98
\BOOKMARK [2][-]{subsection.16.1}{\376\377\000O\000b\000j\000e\000t\000i\000v\000o\000s\000\040\000C\000u\000m\000p\000l\000i\000d\000o\000s}{section.16}% 99
\BOOKMARK [2][-]{subsection.16.2}{\376\377\000C\000o\000n\000o\000c\000i\000m\000i\000e\000n\000t\000o\000s\000\040\000A\000p\000l\000i\000c\000a\000d\000o\000s}{section.16}% 100
\BOOKMARK [2][-]{subsection.16.3}{\376\377\000R\000e\000f\000l\000e\000x\000i\000o\000n\000e\000s\000\040\000F\000i\000n\000a\000l\000e\000s}{section.16}% 101
\BOOKMARK [1][-]{section*.19}{\376\377\000R\000e\000f\000e\000r\000e\000n\000c\000i\000a\000s}{}% 102
\BOOKMARK [1][-]{section*.20}{\376\377\000A\000n\000e\000x\000o\000\040\000A\000:\000\040\000\315\000n\000d\000i\000c\000e\000s\000\040\000M\000e\000d\000i\000a\000P\000i\000p\000e}{}% 103
\BOOKMARK [1][-]{section*.22}{\376\377\000A\000n\000e\000x\000o\000\040\000B\000:\000\040\000E\000s\000t\000r\000u\000c\000t\000u\000r\000a\000\040\000d\000e\000\040\000A\000r\000c\000h\000i\000v\000o\000s}{}% 104
