This is XeTeX, Version 3.141592653-2.6-0.999997 (TeX Live 2025) (preloaded format=xelatex 2025.10.17)  7 JAN 2026 23:09
entering extended mode
 restricted \write18 enabled.
 %&-line parsing enabled.
**./MEMORIA.tex
(./MEMORIA.tex
LaTeX2e <2024-11-01> patch level 2
L3 programming layer <2025-01-18>
(/usr/local/texlive/2025/texmf-dist/tex/latex/base/article.cls
Document Class: article 2024/06/29 v1.4n Standard LaTeX document class
(/usr/local/texlive/2025/texmf-dist/tex/latex/base/size12.clo
File: size12.clo 2024/06/29 v1.4n Standard LaTeX file (size option)
)
\c@part=\count192
\c@section=\count193
\c@subsection=\count194
\c@subsubsection=\count195
\c@paragraph=\count196
\c@subparagraph=\count197
\c@figure=\count198
\c@table=\count199
\abovecaptionskip=\skip49
\belowcaptionskip=\skip50
\bibindent=\dimen141
)
(/usr/local/texlive/2025/texmf-dist/tex/latex/base/inputenc.sty
Package: inputenc 2024/02/08 v1.3d Input encoding file
\inpenc@prehook=\toks17
\inpenc@posthook=\toks18


Package inputenc Warning: inputenc package ignored with utf8 based engines.

) (/usr/local/texlive/2025/texmf-dist/tex/generic/babel/babel.sty
Package: babel 2025/02/14 v25.4 The multilingual framework for pdfLaTeX, LuaLaT
eX and XeLaTeX
\babel@savecnt=\count266
\U@D=\dimen142
\l@unhyphenated=\language90

(/usr/local/texlive/2025/texmf-dist/tex/generic/babel/xebabel.def)
\bbl@readstream=\read2
\bbl@dirlevel=\count267

(/usr/local/texlive/2025/texmf-dist/tex/generic/babel-spanish/spanish.ldf
Language: spanish.ldf 2021/05/27 v5.0q Spanish support from the babel system
\es@quottoks=\toks19
\es@quotdepth=\count268
Package babel Info: Making " an active character on input line 570.
Package babel Info: Making . an active character on input line 675.
Package babel Info: Making < an active character on input line 722.
Package babel Info: Making > an active character on input line 722.
))
(/usr/local/texlive/2025/texmf-dist/tex/generic/babel/locale/es/babel-spanish.t
ex
Package babel Info: Importing font and identification data for spanish
(babel)             from babel-es.ini. Reported on input line 11.
) (/usr/local/texlive/2025/texmf-dist/tex/latex/graphics/graphicx.sty
Package: graphicx 2021/09/16 v1.2d Enhanced LaTeX Graphics (DPC,SPQR)

(/usr/local/texlive/2025/texmf-dist/tex/latex/graphics/keyval.sty
Package: keyval 2022/05/29 v1.15 key=value parser (DPC)
\KV@toks@=\toks20
)
(/usr/local/texlive/2025/texmf-dist/tex/latex/graphics/graphics.sty
Package: graphics 2024/08/06 v1.4g Standard LaTeX Graphics (DPC,SPQR)

(/usr/local/texlive/2025/texmf-dist/tex/latex/graphics/trig.sty
Package: trig 2023/12/02 v1.11 sin cos tan (DPC)
)
(/usr/local/texlive/2025/texmf-dist/tex/latex/graphics-cfg/graphics.cfg
File: graphics.cfg 2016/06/04 v1.11 sample graphics configuration
)
Package graphics Info: Driver file: xetex.def on input line 106.

(/usr/local/texlive/2025/texmf-dist/tex/latex/graphics-def/xetex.def
File: xetex.def 2022/09/22 v5.0n Graphics/color driver for xetex
))
\Gin@req@height=\dimen143
\Gin@req@width=\dimen144
)
(/usr/local/texlive/2025/texmf-dist/tex/latex/hyperref/hyperref.sty
Package: hyperref 2024-11-05 v7.01l Hypertext links for LaTeX

(/usr/local/texlive/2025/texmf-dist/tex/generic/iftex/iftex.sty
Package: iftex 2024/12/12 v1.0g TeX engine tests
)
(/usr/local/texlive/2025/texmf-dist/tex/latex/kvsetkeys/kvsetkeys.sty
Package: kvsetkeys 2022-10-05 v1.19 Key value parser (HO)
)
(/usr/local/texlive/2025/texmf-dist/tex/generic/kvdefinekeys/kvdefinekeys.sty
Package: kvdefinekeys 2019-12-19 v1.6 Define keys (HO)
)
(/usr/local/texlive/2025/texmf-dist/tex/generic/pdfescape/pdfescape.sty
Package: pdfescape 2019/12/09 v1.15 Implements pdfTeX's escape features (HO)

(/usr/local/texlive/2025/texmf-dist/tex/generic/ltxcmds/ltxcmds.sty
Package: ltxcmds 2023-12-04 v1.26 LaTeX kernel commands for general use (HO)
)
(/usr/local/texlive/2025/texmf-dist/tex/generic/pdftexcmds/pdftexcmds.sty
Package: pdftexcmds 2020-06-27 v0.33 Utility functions of pdfTeX for LuaTeX (HO
)

(/usr/local/texlive/2025/texmf-dist/tex/generic/infwarerr/infwarerr.sty
Package: infwarerr 2019/12/03 v1.5 Providing info/warning/error messages (HO)
)
Package pdftexcmds Info: \pdf@primitive is available.
Package pdftexcmds Info: \pdf@ifprimitive is available.
Package pdftexcmds Info: \pdfdraftmode not found.
))
(/usr/local/texlive/2025/texmf-dist/tex/latex/hycolor/hycolor.sty
Package: hycolor 2020-01-27 v1.10 Color options for hyperref/bookmark (HO)
)
(/usr/local/texlive/2025/texmf-dist/tex/latex/hyperref/nameref.sty
Package: nameref 2023-11-26 v2.56 Cross-referencing by name of section

(/usr/local/texlive/2025/texmf-dist/tex/latex/refcount/refcount.sty
Package: refcount 2019/12/15 v3.6 Data extraction from label references (HO)
)
(/usr/local/texlive/2025/texmf-dist/tex/generic/gettitlestring/gettitlestring.s
ty
Package: gettitlestring 2019/12/15 v1.6 Cleanup title references (HO)
 (/usr/local/texlive/2025/texmf-dist/tex/latex/kvoptions/kvoptions.sty
Package: kvoptions 2022-06-15 v3.15 Key value format for package options (HO)
))
\c@section@level=\count269
)
(/usr/local/texlive/2025/texmf-dist/tex/latex/etoolbox/etoolbox.sty
Package: etoolbox 2025/02/11 v2.5l e-TeX tools for LaTeX (JAW)
\etb@tempcnta=\count270
)
(/usr/local/texlive/2025/texmf-dist/tex/generic/stringenc/stringenc.sty
Package: stringenc 2019/11/29 v1.12 Convert strings between diff. encodings (HO
)
)
\@linkdim=\dimen145
\Hy@linkcounter=\count271
\Hy@pagecounter=\count272

(/usr/local/texlive/2025/texmf-dist/tex/latex/hyperref/pd1enc.def
File: pd1enc.def 2024-11-05 v7.01l Hyperref: PDFDocEncoding definition (HO)
)
(/usr/local/texlive/2025/texmf-dist/tex/generic/intcalc/intcalc.sty
Package: intcalc 2019/12/15 v1.3 Expandable calculations with integers (HO)
)
\Hy@SavedSpaceFactor=\count273

(/usr/local/texlive/2025/texmf-dist/tex/latex/hyperref/puenc.def
File: puenc.def 2024-11-05 v7.01l Hyperref: PDF Unicode definition (HO)
)
Package hyperref Info: Hyper figures OFF on input line 4157.
Package hyperref Info: Link nesting OFF on input line 4162.
Package hyperref Info: Hyper index ON on input line 4165.
Package hyperref Info: Plain pages OFF on input line 4172.
Package hyperref Info: Backreferencing OFF on input line 4177.
Package hyperref Info: Implicit mode ON; LaTeX internals redefined.
Package hyperref Info: Bookmarks ON on input line 4424.
\c@Hy@tempcnt=\count274

(/usr/local/texlive/2025/texmf-dist/tex/latex/url/url.sty
\Urlmuskip=\muskip17
Package: url 2013/09/16  ver 3.4  Verb mode for urls, etc.
)
LaTeX Info: Redefining \url on input line 4763.
\XeTeXLinkMargin=\dimen146

(/usr/local/texlive/2025/texmf-dist/tex/generic/bitset/bitset.sty
Package: bitset 2019/12/09 v1.3 Handle bit-vector datatype (HO)

(/usr/local/texlive/2025/texmf-dist/tex/generic/bigintcalc/bigintcalc.sty
Package: bigintcalc 2019/12/15 v1.5 Expandable calculations on big integers (HO
)
))
\Fld@menulength=\count275
\Field@Width=\dimen147
\Fld@charsize=\dimen148
Package hyperref Info: Hyper figures OFF on input line 6042.
Package hyperref Info: Link nesting OFF on input line 6047.
Package hyperref Info: Hyper index ON on input line 6050.
Package hyperref Info: backreferencing OFF on input line 6057.
Package hyperref Info: Link coloring OFF on input line 6062.
Package hyperref Info: Link coloring with OCG OFF on input line 6067.
Package hyperref Info: PDF/A mode OFF on input line 6072.

(/usr/local/texlive/2025/texmf-dist/tex/latex/base/atbegshi-ltx.sty
Package: atbegshi-ltx 2021/01/10 v1.0c Emulation of the original atbegshi
package with kernel methods
)
\Hy@abspage=\count276
\c@Item=\count277
\c@Hfootnote=\count278
)
Package hyperref Info: Driver (autodetected): hxetex.

(/usr/local/texlive/2025/texmf-dist/tex/latex/hyperref/hxetex.def
File: hxetex.def 2024-11-05 v7.01l Hyperref driver for XeTeX
\pdfm@box=\box52
\c@Hy@AnnotLevel=\count279
\HyField@AnnotCount=\count280
\Fld@listcount=\count281
\c@bookmark@seq@number=\count282

(/usr/local/texlive/2025/texmf-dist/tex/latex/rerunfilecheck/rerunfilecheck.sty
Package: rerunfilecheck 2022-07-10 v1.10 Rerun checks for auxiliary files (HO)
(/usr/local/texlive/2025/texmf-dist/tex/latex/base/atveryend-ltx.sty
Package: atveryend-ltx 2020/08/19 v1.0a Emulation of the original atveryend pac
kage
with kernel methods
)
(/usr/local/texlive/2025/texmf-dist/tex/generic/uniquecounter/uniquecounter.sty
Package: uniquecounter 2019/12/15 v1.4 Provide unlimited unique counter (HO)
)
Package uniquecounter Info: New unique counter `rerunfilecheck' on input line 2
85.
)
\Hy@SectionHShift=\skip51
) (/usr/local/texlive/2025/texmf-dist/tex/latex/listings/listings.sty
\lst@mode=\count283
\lst@gtempboxa=\box53
\lst@token=\toks21
\lst@length=\count284
\lst@currlwidth=\dimen149
\lst@column=\count285
\lst@pos=\count286
\lst@lostspace=\dimen150
\lst@width=\dimen151
\lst@newlines=\count287
\lst@lineno=\count288
\lst@maxwidth=\dimen152

(/usr/local/texlive/2025/texmf-dist/tex/latex/listings/lstpatch.sty
File: lstpatch.sty 2024/09/23 1.10c (Carsten Heinz)
)
(/usr/local/texlive/2025/texmf-dist/tex/latex/listings/lstmisc.sty
File: lstmisc.sty 2024/09/23 1.10c (Carsten Heinz)
\c@lstnumber=\count289
\lst@skipnumbers=\count290
\lst@framebox=\box54
)
(/usr/local/texlive/2025/texmf-dist/tex/latex/listings/listings.cfg
File: listings.cfg 2024/09/23 1.10c listings configuration
))
Package: listings 2024/09/23 1.10c (Carsten Heinz)

(/usr/local/texlive/2025/texmf-dist/tex/latex/xcolor/xcolor.sty
Package: xcolor 2024/09/29 v3.02 LaTeX color extensions (UK)

(/usr/local/texlive/2025/texmf-dist/tex/latex/graphics-cfg/color.cfg
File: color.cfg 2016/01/02 v1.6 sample color configuration
)
Package xcolor Info: Driver file: xetex.def on input line 274.

(/usr/local/texlive/2025/texmf-dist/tex/latex/graphics/mathcolor.ltx)
Package xcolor Info: Model `cmy' substituted by `cmy0' on input line 1349.
Package xcolor Info: Model `RGB' extended on input line 1365.
Package xcolor Info: Model `HTML' substituted by `rgb' on input line 1367.
Package xcolor Info: Model `Hsb' substituted by `hsb' on input line 1368.
Package xcolor Info: Model `tHsb' substituted by `hsb' on input line 1369.
Package xcolor Info: Model `HSB' substituted by `hsb' on input line 1370.
Package xcolor Info: Model `Gray' substituted by `gray' on input line 1371.
Package xcolor Info: Model `wave' substituted by `hsb' on input line 1372.
)
(/usr/local/texlive/2025/texmf-dist/tex/latex/geometry/geometry.sty
Package: geometry 2020/01/02 v5.9 Page Geometry

(/usr/local/texlive/2025/texmf-dist/tex/generic/iftex/ifvtex.sty
Package: ifvtex 2019/10/25 v1.7 ifvtex legacy package. Use iftex instead.
)
\Gm@cnth=\count291
\Gm@cntv=\count292
\c@Gm@tempcnt=\count293
\Gm@bindingoffset=\dimen153
\Gm@wd@mp=\dimen154
\Gm@odd@mp=\dimen155
\Gm@even@mp=\dimen156
\Gm@layoutwidth=\dimen157
\Gm@layoutheight=\dimen158
\Gm@layouthoffset=\dimen159
\Gm@layoutvoffset=\dimen160
\Gm@dimlist=\toks22
)
(/usr/local/texlive/2025/texmf-dist/tex/latex/base/fontenc.sty
Package: fontenc 2021/04/29 v2.0v Standard LaTeX package
LaTeX Font Info:    Trying to load font information for T1+lmr on input line 11
6.

(/usr/local/texlive/2025/texmf-dist/tex/latex/lm/t1lmr.fd
File: t1lmr.fd 2015/05/01 v1.6.1 Font defs for Latin Modern
))
(/usr/local/texlive/2025/texmf-dist/tex/latex/beamer/multimedia.sty
Package: multimedia 2012/05/02 ver 0.02

(/usr/local/texlive/2025/texmf-dist/tex/generic/iftex/ifpdf.sty
Package: ifpdf 2019/10/25 v3.4 ifpdf legacy package. Use iftex instead.
)
\mm@movie=\count294
)
(/usr/local/texlive/2025/texmf-dist/tex/latex/listings/lstlang1.sty
File: lstlang1.sty 2024/09/23 1.10c listings language file
)
(/usr/local/texlive/2025/texmf-dist/tex/latex/l3backend/l3backend-xetex.def
File: l3backend-xetex.def 2024-05-08 L3 backend support: XeTeX
\g__graphics_track_int=\count295
\l__pdf_internal_box=\box55
\g__pdf_backend_annotation_int=\count296
\g__pdf_backend_link_int=\count297
)
(./MEMORIA.aux
LaTeX Info: Redefining \. on input line 11.
LaTeX Info: Redefining \% on input line 11.
)
\openout1 = `MEMORIA.aux'.

LaTeX Font Info:    Checking defaults for OML/cmm/m/it on input line 23.
LaTeX Font Info:    ... okay on input line 23.
LaTeX Font Info:    Checking defaults for OMS/cmsy/m/n on input line 23.
LaTeX Font Info:    ... okay on input line 23.
LaTeX Font Info:    Checking defaults for OT1/cmr/m/n on input line 23.
LaTeX Font Info:    ... okay on input line 23.
LaTeX Font Info:    Checking defaults for T1/cmr/m/n on input line 23.
LaTeX Font Info:    ... okay on input line 23.
LaTeX Font Info:    Checking defaults for TS1/cmr/m/n on input line 23.
LaTeX Font Info:    ... okay on input line 23.
LaTeX Font Info:    Checking defaults for TU/lmr/m/n on input line 23.
LaTeX Font Info:    ... okay on input line 23.
LaTeX Font Info:    Checking defaults for OMX/cmex/m/n on input line 23.
LaTeX Font Info:    ... okay on input line 23.
LaTeX Font Info:    Checking defaults for U/cmr/m/n on input line 23.
LaTeX Font Info:    ... okay on input line 23.
LaTeX Font Info:    Checking defaults for PD1/pdf/m/n on input line 23.
LaTeX Font Info:    ... okay on input line 23.
LaTeX Font Info:    Checking defaults for PU/pdf/m/n on input line 23.
LaTeX Font Info:    ... okay on input line 23.
LaTeX Info: Redefining \. on input line 23.
LaTeX Info: Redefining \% on input line 23.
Package hyperref Info: Link coloring OFF on input line 23.
 (./MEMORIA.out) (./MEMORIA.out)
\@outlinefile=\write3
\openout3 = `MEMORIA.out'.



Package hyperref Warning: Rerun to get /PageLabels entry.

\c@lstlisting=\count298
*geometry* driver: auto-detecting
*geometry* detected driver: xetex
*geometry* verbose mode - [ preamble ] result:
* driver: xetex
* paper: a4paper
* layout: <same size as paper>
* layoutoffset:(h,v)=(0.0pt,0.0pt)
* modes: 
* h-part:(L,W,R)=(72.26999pt, 452.9679pt, 72.26999pt)
* v-part:(T,H,B)=(72.26999pt, 700.50687pt, 72.26999pt)
* \paperwidth=597.50787pt
* \paperheight=845.04684pt
* \textwidth=452.9679pt
* \textheight=700.50687pt
* \oddsidemargin=0.0pt
* \evensidemargin=0.0pt
* \topmargin=-37.0pt
* \headheight=12.0pt
* \headsep=25.0pt
* \topskip=12.0pt
* \footskip=30.0pt
* \marginparwidth=35.0pt
* \marginparsep=10.0pt
* \columnsep=10.0pt
* \skip\footins=10.8pt plus 4.0pt minus 2.0pt
* \hoffset=0.0pt
* \voffset=0.0pt
* \mag=1000
* \@twocolumnfalse
* \@twosidefalse
* \@mparswitchfalse
* \@reversemarginfalse
* (1in=72.27pt=25.4mm, 1cm=28.453pt)

LaTeX Font Info:    External font `cmex10' loaded for size
(Font)              <12> on input line 47.
LaTeX Font Info:    External font `cmex10' loaded for size
(Font)              <8> on input line 47.
LaTeX Font Info:    External font `cmex10' loaded for size
(Font)              <6> on input line 47.
Missing character: There is no • ("2022) in font ec-lmr12!


[1

] (./MEMORIA.toc
LaTeX Info: Redefining \. on input line 1.
LaTeX Info: Redefining \% on input line 1.


[2])
\tf@toc=\write4
\openout4 = `MEMORIA.toc'.



[3]

[4]
LaTeX Font Info:    Trying to load font information for T1+lmtt on input line 1
74.
 (/usr/local/texlive/2025/texmf-dist/tex/latex/lm/t1lmtt.fd
File: t1lmtt.fd 2015/05/01 v1.6.1 Font defs for Latin Modern
)

[5]
Missing character: There is no ├ ("251C) in font ec-lmtt12!
Missing character: There is no ─ ("2500) in font ec-lmtt12!
Missing character: There is no ─ ("2500) in font ec-lmtt12!
Missing character: There is no │ ("2502) in font ec-lmtt12!
Missing character: There is no ├ ("251C) in font ec-lmtt12!
Missing character: There is no ─ ("2500) in font ec-lmtt12!
Missing character: There is no ─ ("2500) in font ec-lmtt12!
Missing character: There is no │ ("2502) in font ec-lmtt12!
Missing character: There is no ├ ("251C) in font ec-lmtt12!
Missing character: There is no ─ ("2500) in font ec-lmtt12!
Missing character: There is no ─ ("2500) in font ec-lmtt12!
Missing character: There is no │ ("2502) in font ec-lmtt12!
Missing character: There is no │ ("2502) in font ec-lmtt12!
Missing character: There is no ├ ("251C) in font ec-lmtt12!
Missing character: There is no ─ ("2500) in font ec-lmtt12!
Missing character: There is no ─ ("2500) in font ec-lmtt12!
Missing character: There is no │ ("2502) in font ec-lmtt12!
Missing character: There is no │ ("2502) in font ec-lmtt12!
Missing character: There is no ├ ("251C) in font ec-lmtt12!
Missing character: There is no ─ ("2500) in font ec-lmtt12!
Missing character: There is no ─ ("2500) in font ec-lmtt12!
Missing character: There is no │ ("2502) in font ec-lmtt12!
Missing character: There is no │ ("2502) in font ec-lmtt12!
Missing character: There is no ├ ("251C) in font ec-lmtt12!
Missing character: There is no ─ ("2500) in font ec-lmtt12!
Missing character: There is no ─ ("2500) in font ec-lmtt12!
Missing character: There is no │ ("2502) in font ec-lmtt12!
Missing character: There is no │ ("2502) in font ec-lmtt12!
Missing character: There is no ├ ("251C) in font ec-lmtt12!
Missing character: There is no ─ ("2500) in font ec-lmtt12!
Missing character: There is no ─ ("2500) in font ec-lmtt12!
Missing character: There is no │ ("2502) in font ec-lmtt12!
Missing character: There is no │ ("2502) in font ec-lmtt12!
Missing character: There is no ├ ("251C) in font ec-lmtt12!
Missing character: There is no ─ ("2500) in font ec-lmtt12!
Missing character: There is no ─ ("2500) in font ec-lmtt12!
Missing character: There is no │ ("2502) in font ec-lmtt12!
Missing character: There is no │ ("2502) in font ec-lmtt12!
Missing character: There is no ├ ("251C) in font ec-lmtt12!
Missing character: There is no ─ ("2500) in font ec-lmtt12!
Missing character: There is no ─ ("2500) in font ec-lmtt12!
Missing character: There is no │ ("2502) in font ec-lmtt12!
Missing character: There is no │ ("2502) in font ec-lmtt12!
Missing character: There is no ├ ("251C) in font ec-lmtt12!
Missing character: There is no ─ ("2500) in font ec-lmtt12!
Missing character: There is no ─ ("2500) in font ec-lmtt12!
Missing character: There is no │ ("2502) in font ec-lmtt12!
Missing character: There is no │ ("2502) in font ec-lmtt12!
Missing character: There is no └ ("2514) in font ec-lmtt12!
Missing character: There is no ─ ("2500) in font ec-lmtt12!
Missing character: There is no ─ ("2500) in font ec-lmtt12!
Missing character: There is no │ ("2502) in font ec-lmtt12!
Missing character: There is no └ ("2514) in font ec-lmtt12!
Missing character: There is no ─ ("2500) in font ec-lmtt12!
Missing character: There is no ─ ("2500) in font ec-lmtt12!
Missing character: There is no │ ("2502) in font ec-lmtt12!
Missing character: There is no ├ ("251C) in font ec-lmtt12!
Missing character: There is no ─ ("2500) in font ec-lmtt12!
Missing character: There is no ─ ("2500) in font ec-lmtt12!
Missing character: There is no │ ("2502) in font ec-lmtt12!
Missing character: There is no ├ ("251C) in font ec-lmtt12!
Missing character: There is no ─ ("2500) in font ec-lmtt12!
Missing character: There is no ─ ("2500) in font ec-lmtt12!
Missing character: There is no │ ("2502) in font ec-lmtt12!
Missing character: There is no ├ ("251C) in font ec-lmtt12!
Missing character: There is no ─ ("2500) in font ec-lmtt12!
Missing character: There is no ─ ("2500) in font ec-lmtt12!
Missing character: There is no │ ("2502) in font ec-lmtt12!
Missing character: There is no └ ("2514) in font ec-lmtt12!
Missing character: There is no ─ ("2500) in font ec-lmtt12!
Missing character: There is no ─ ("2500) in font ec-lmtt12!
Missing character: There is no → ("2192) in font ec-lmr12!


[6]

[7]

[8]

[9]

[10]

[11]
File: characters/SAW.png Graphic file (type bmp)
<characters/SAW.png>


[12]
File: characters/ET.png Graphic file (type bmp)
<characters/ET.png>


[13]
File: characters/ELEVEN.png Graphic file (type bmp)
<characters/ELEVEN.png>


[14]
File: characters/HOMER.png Graphic file (type bmp)
<characters/HOMER.png>


[15]

[16]
Missing character: There is no ├ ("251C) in font ec-lmtt12!
Missing character: There is no ─ ("2500) in font ec-lmtt12!
Missing character: There is no ─ ("2500) in font ec-lmtt12!
Missing character: There is no │ ("2502) in font ec-lmtt12!
Missing character: There is no └ ("2514) in font ec-lmtt12!
Missing character: There is no ─ ("2500) in font ec-lmtt12!
Missing character: There is no ─ ("2500) in font ec-lmtt12!
Missing character: There is no ├ ("251C) in font ec-lmtt12!
Missing character: There is no ─ ("2500) in font ec-lmtt12!
Missing character: There is no ─ ("2500) in font ec-lmtt12!


[17]
Missing character: There is no │ ("2502) in font ec-lmtt12!
Missing character: There is no ├ ("251C) in font ec-lmtt12!
Missing character: There is no ─ ("2500) in font ec-lmtt12!
Missing character: There is no ─ ("2500) in font ec-lmtt12!
Missing character: There is no │ ("2502) in font ec-lmtt12!
Missing character: There is no └ ("2514) in font ec-lmtt12!
Missing character: There is no ─ ("2500) in font ec-lmtt12!
Missing character: There is no ─ ("2500) in font ec-lmtt12!
Missing character: There is no ├ ("251C) in font ec-lmtt12!
Missing character: There is no ─ ("2500) in font ec-lmtt12!
Missing character: There is no ─ ("2500) in font ec-lmtt12!
Missing character: There is no ├ ("251C) in font ec-lmtt12!
Missing character: There is no ─ ("2500) in font ec-lmtt12!
Missing character: There is no ─ ("2500) in font ec-lmtt12!
Missing character: There is no ├ ("251C) in font ec-lmtt12!
Missing character: There is no ─ ("2500) in font ec-lmtt12!
Missing character: There is no ─ ("2500) in font ec-lmtt12!
Missing character: There is no └ ("2514) in font ec-lmtt12!
Missing character: There is no ─ ("2500) in font ec-lmtt12!
Missing character: There is no ─ ("2500) in font ec-lmtt12!


[18]
Overfull \hbox (116.5281pt too wide) in paragraph at lines 662--663
[]\T1/lmr/m/it/12 Nota: Las imá-ge-nes pue-den in-ser-tar-se aquí usan-do: \in-
clu-de-graphics[width=0.8\textwidth]{ruta/imagen.png} 
 []



[19]

[20] (./MEMORIA.aux
LaTeX Info: Redefining \. on input line 11.
LaTeX Info: Redefining \% on input line 11.
)
 ***********
LaTeX2e <2024-11-01> patch level 2
L3 programming layer <2025-01-18>
 ***********
Package rerunfilecheck Info: File `MEMORIA.out' has not changed.
(rerunfilecheck)             Checksum: 9D1876CF78C88119880F5BA4E95EA1FD;11087.
 ) 
Here is how much of TeX's memory you used:
 12217 strings out of 473832
 191855 string characters out of 5729480
 802576 words of memory out of 5000000
 35154 multiletter control sequences out of 15000+600000
 590541 words of font info for 57 fonts, out of 8000000 for 9000
 1348 hyphenation exceptions out of 8191
 72i,6n,79p,343b,663s stack positions out of 10000i,1000n,20000p,200000b,200000s

Output written on MEMORIA.pdf (20 pages).
